. 
. powerps, price(P) quantity(Q1) axiom(eGARP) efficiency(1)

                       Number of obs           =         8 
                       Number of goods         =         2 
                       Simulations             =      1000 
                       Efficiency level        =         1 

----------------------------------------------------------
      Axioms |     Power         PS       Pass        AEI 
-------------+--------------------------------------------
       eGARP |      .725       .725          1          1 
----------------------------------------------------------
 
Summary statistics for simulations:

------------------------------------
       eGARP |      #vio       %vio 
-------------+----------------------
        Mean |     6.837   12.20849 
   Std. Dev. |  7.521769   13.43188 
         Min |         0          0 
          Q1 |         0          0 
      Median |         4       7.14 
          Q3 |        11      19.64 
         Max |        36      64.29 
------------------------------------

. 
