. 
. aei, price(P) quantity(X) axiom(eWGARP) tolerance(6)

----------------------------------------------------------
       Axiom |       AEI        Tol      Goods        Obs 
-------------+--------------------------------------------
      eWGARP |     .9056   1.00e-06          5         20 
----------------------------------------------------------

. quietly return list

. 
. powerps, price(P) quantity(X) axiom(eWGARP) efficiency(`r(AEI)')

--------------------------------------------------------------------------------
      Axioms |     Power         PS        Sim        Eff      Goods        Obs 
-------------+------------------------------------------------------------------
      eWGARP |      .748       .748       1000   .9055848          5         20 
--------------------------------------------------------------------------------
 
Summary statistics for simulations:

------------------------------------
      eWGARP |   Num_Vio   Frac_Vio 
-------------+----------------------
        Mean |     2.086    1.09874 
   Std. Dev. |  2.120165   1.115758 
         Min |         0          0 
          Q1 |         0          0 
      Median |         2       1.05 
          Q3 |         3       1.58 
         Max |        13       6.84 
------------------------------------


. 
