------------------------------------------------------------------------------------------------------------------------------------
      name:  <unnamed>
       log:  C:/Users/marcos.demetry/Desktop//results_for_paper3/output/syntax_pseudocode/pseudocode_aei_ewgarp_egarp_feb2020.log
  log type:  text
 opened on:  21 Feb 2020, 15:45:43
r; t=0.00 15:45:43

. 
. use http://www.stata-press.com/data/r16/food.dta, clear
r; t=1.50 15:45:45

. 
. mkmat p1 p2 p3 p4, matrix(P)
r; t=0.18 15:45:45

. 
. forvalues i = 1(1)4 {
  2.         
.         gen x`i' = w`i'* expfd/p`i'
  3. 
. }
r; t=0.00 15:45:45

. 
. mkmat x1 x2 x3 x4, matrix(X)
r; t=0.18 15:45:45

. 
. aei, price(P) quantity(X) tolerance(6)

----------------------------------------------------------
       Axiom |       AEI        Tol      Goods        Obs 
-------------+--------------------------------------------
       eGARP |     .4598   1.00e-06          4       4048 
----------------------------------------------------------
r; t=64225.85 9:36:11

. 
. aei, price(P) quantity(X) axiom(eWGARP) tolerance(6)

----------------------------------------------------------
       Axiom |       AEI        Tol      Goods        Obs 
-------------+--------------------------------------------
      eWGARP |     .4598   1.00e-06          4       4048 
----------------------------------------------------------
r; t=445.38 9:43:36

. quietly return list
r; t=0.00 9:43:36

. 
. powerps, price(P) quantity(X) axiom(eWGARP) efficiency(`r(AEI)')

--------------------------------------------------------------------------------
      Axioms |     Power         PS        Sim        Eff      Goods        Obs 
-------------+------------------------------------------------------------------
      eWGARP |      .423       .423       1000    .459821          4       4048 
--------------------------------------------------------------------------------
 
Summary statistics for simulations:

------------------------------------
      eWGARP |   Num_Vio   Frac_Vio 
-------------+----------------------
        Mean |      .832          0 
   Std. Dev. |  1.790246          0 
         Min |         0          0 
          Q1 |         0          0 
      Median |         0          0 
          Q3 |         1          0 
         Max |        39          0 
------------------------------------

r; t=19403.12 15:06:59

. return list

scalars:
       r(POWER_ewgarp) =  .423
          r(PS_ewgarp) =  .423
         r(SIM_ewgarp) =  1000
         r(EFF_ewgarp) =  .4598209857940674
       r(GOODS_ewgarp) =  4
         r(OBS_ewgarp) =  4048

macros:
       r(AXIOM_ewgarp) : "eWGARP"

matrices:
    r(SUMSTATS_ewgarp) :  7 x 2
  r(SIMRESULTS_ewgarp) :  1000 x 2
r; t=0.00 15:06:59

. 
. matlist r(SIMRESULTS_ewgarp)

             |   Num_Vio   Frac_Vio 
-------------+----------------------
          r1 |         0          0 
          r2 |         0          0 
          r3 |         0          0 
          r4 |         0          0 
          r5 |         0          0 
          r6 |         1          0 
          r7 |         2          0 
          r8 |         0          0 
          r9 |         0          0 
         r10 |         0          0 
         r11 |         0          0 
         r12 |         0          0 
         r13 |         0          0 
         r14 |         0          0 
         r15 |         0          0 
         r16 |         0          0 
         r17 |         1          0 
         r18 |         2          0 
         r19 |         3          0 
         r20 |         1          0 
         r21 |         0          0 
         r22 |         0          0 
         r23 |         0          0 
         r24 |         3          0 
         r25 |         7          0 
         r26 |         1          0 
         r27 |         0          0 
         r28 |         2          0 
         r29 |         0          0 
         r30 |         0          0 
         r31 |         0          0 
         r32 |         2          0 
         r33 |         0          0 
         r34 |         0          0 
         r35 |         0          0 
         r36 |         0          0 
         r37 |         0          0 
         r38 |         0          0 
         r39 |         0          0 
         r40 |         0          0 
         r41 |         6          0 
         r42 |         0          0 
         r43 |         0          0 
         r44 |         0          0 
         r45 |         0          0 
         r46 |         0          0 
         r47 |         0          0 
         r48 |         1          0 
         r49 |         7          0 
         r50 |         0          0 
         r51 |         0          0 
         r52 |         2          0 
         r53 |         5          0 
         r54 |         0          0 
         r55 |         0          0 
         r56 |         0          0 
         r57 |         0          0 
         r58 |         1          0 
         r59 |         0          0 
         r60 |         0          0 
         r61 |         4          0 
         r62 |         1          0 
         r63 |         0          0 
         r64 |         3          0 
         r65 |         0          0 
         r66 |         0          0 
         r67 |         0          0 
         r68 |         1          0 
         r69 |         2          0 
         r70 |         0          0 
         r71 |         2          0 
         r72 |         0          0 
         r73 |         0          0 
         r74 |         0          0 
         r75 |         0          0 
         r76 |         0          0 
         r77 |         0          0 
         r78 |         0          0 
         r79 |         2          0 
         r80 |         0          0 
         r81 |         1          0 
         r82 |         0          0 
         r83 |         1          0 
         r84 |         0          0 
         r85 |         0          0 
         r86 |         1          0 
         r87 |         1          0 
         r88 |         0          0 
         r89 |         2          0 
         r90 |         1          0 
         r91 |         2          0 
         r92 |         0          0 
         r93 |         1          0 
         r94 |         0          0 
         r95 |         1          0 
         r96 |         0          0 
         r97 |         1          0 
         r98 |         3          0 
         r99 |         0          0 
        r100 |         0          0 
        r101 |         0          0 
        r102 |         1          0 
        r103 |         0          0 
        r104 |         2          0 
        r105 |         2          0 
        r106 |         0          0 
        r107 |         0          0 
        r108 |         2          0 
        r109 |         0          0 
        r110 |         5          0 
        r111 |         1          0 
        r112 |         2          0 
        r113 |         0          0 
        r114 |         0          0 
        r115 |         0          0 
        r116 |         0          0 
        r117 |         2          0 
        r118 |         2          0 
        r119 |         2          0 
        r120 |         0          0 
        r121 |         1          0 
        r122 |         0          0 
        r123 |         3          0 
        r124 |         1          0 
        r125 |         0          0 
        r126 |         1          0 
        r127 |         0          0 
        r128 |         1          0 
        r129 |         0          0 
        r130 |         0          0 
        r131 |         0          0 
        r132 |         0          0 
        r133 |         2          0 
        r134 |         0          0 
        r135 |         0          0 
        r136 |         0          0 
        r137 |         3          0 
        r138 |         0          0 
        r139 |         1          0 
        r140 |         1          0 
        r141 |         2          0 
        r142 |         2          0 
        r143 |         0          0 
        r144 |         1          0 
        r145 |         0          0 
        r146 |         0          0 
        r147 |         2          0 
        r148 |         0          0 
        r149 |         1          0 
        r150 |         0          0 
        r151 |         1          0 
        r152 |         0          0 
        r153 |         1          0 
        r154 |         1          0 
        r155 |         0          0 
        r156 |         3          0 
        r157 |         1          0 
        r158 |         0          0 
        r159 |         0          0 
        r160 |         0          0 
        r161 |         3          0 
        r162 |         0          0 
        r163 |         0          0 
        r164 |         4          0 
        r165 |         0          0 
        r166 |         1          0 
        r167 |         0          0 
        r168 |         4          0 
        r169 |         0          0 
        r170 |         0          0 
        r171 |         0          0 
        r172 |         0          0 
        r173 |         0          0 
        r174 |         2          0 
        r175 |         1          0 
        r176 |         3          0 
        r177 |         0          0 
        r178 |         0          0 
        r179 |         2          0 
        r180 |         0          0 
        r181 |         7          0 
        r182 |         0          0 
        r183 |         0          0 
        r184 |         0          0 
        r185 |         1          0 
        r186 |         1          0 
        r187 |         1          0 
        r188 |         2          0 
        r189 |         0          0 
        r190 |         0          0 
        r191 |         0          0 
        r192 |         1          0 
        r193 |         2          0 
        r194 |         0          0 
        r195 |         0          0 
        r196 |         0          0 
        r197 |         0          0 
        r198 |         0          0 
        r199 |         3          0 
        r200 |         0          0 
        r201 |         2          0 
        r202 |         1          0 
        r203 |         1          0 
        r204 |         0          0 
        r205 |         1          0 
        r206 |         0          0 
        r207 |         0          0 
        r208 |         0          0 
        r209 |         0          0 
        r210 |         0          0 
        r211 |         0          0 
        r212 |         0          0 
        r213 |         1          0 
        r214 |         0          0 
        r215 |         0          0 
        r216 |         1          0 
        r217 |         1          0 
        r218 |         1          0 
        r219 |         1          0 
        r220 |         0          0 
        r221 |         1          0 
        r222 |         2          0 
        r223 |         1          0 
        r224 |         0          0 
        r225 |         0          0 
        r226 |         0          0 
        r227 |         0          0 
        r228 |         2          0 
        r229 |         0          0 
        r230 |         0          0 
        r231 |         0          0 
        r232 |         8          0 
        r233 |         0          0 
        r234 |         0          0 
        r235 |         0          0 
        r236 |         1          0 
        r237 |         0          0 
        r238 |         0          0 
        r239 |         2          0 
        r240 |         0          0 
        r241 |         0          0 
        r242 |         0          0 
        r243 |         0          0 
        r244 |         0          0 
        r245 |         1          0 
        r246 |         1          0 
        r247 |         0          0 
        r248 |         0          0 
        r249 |         1          0 
        r250 |         0          0 
        r251 |         0          0 
        r252 |         0          0 
        r253 |         0          0 
        r254 |         1          0 
        r255 |         1          0 
        r256 |         0          0 
        r257 |         1          0 
        r258 |         1          0 
        r259 |         0          0 
        r260 |         0          0 
        r261 |         0          0 
        r262 |         1          0 
        r263 |         2          0 
        r264 |         1          0 
        r265 |         1          0 
        r266 |         1          0 
        r267 |         0          0 
        r268 |         0          0 
        r269 |         0          0 
        r270 |         0          0 
        r271 |         0          0 
        r272 |         0          0 
        r273 |         0          0 
        r274 |         0          0 
        r275 |         6          0 
        r276 |         1          0 
        r277 |         0          0 
        r278 |         1          0 
        r279 |         0          0 
        r280 |         3          0 
        r281 |         0          0 
        r282 |         0          0 
        r283 |         0          0 
        r284 |         0          0 
        r285 |         0          0 
        r286 |         0          0 
        r287 |         0          0 
        r288 |         0          0 
        r289 |         0          0 
        r290 |         6          0 
        r291 |         1          0 
        r292 |         0          0 
        r293 |         0          0 
        r294 |         0          0 
        r295 |         2          0 
        r296 |         0          0 
        r297 |         1          0 
        r298 |         0          0 
        r299 |         1          0 
        r300 |         0          0 
        r301 |         0          0 
        r302 |         0          0 
        r303 |         1          0 
        r304 |         0          0 
        r305 |         0          0 
        r306 |         2          0 
        r307 |         0          0 
        r308 |         4          0 
        r309 |         1          0 
        r310 |         0          0 
        r311 |         0          0 
        r312 |         0          0 
        r313 |         1          0 
        r314 |         0          0 
        r315 |         0          0 
        r316 |         0          0 
        r317 |         2          0 
        r318 |         0          0 
        r319 |         0          0 
        r320 |         0          0 
        r321 |         1          0 
        r322 |         0          0 
        r323 |         0          0 
        r324 |         0          0 
        r325 |         0          0 
        r326 |         0          0 
        r327 |         0          0 
        r328 |         0          0 
        r329 |         1          0 
        r330 |         0          0 
        r331 |         1          0 
        r332 |         1          0 
        r333 |         2          0 
        r334 |         0          0 
        r335 |         0          0 
        r336 |         0          0 
        r337 |         0          0 
        r338 |         0          0 
        r339 |         0          0 
        r340 |         0          0 
        r341 |         0          0 
        r342 |         0          0 
        r343 |         2          0 
        r344 |         3          0 
        r345 |         0          0 
        r346 |         0          0 
        r347 |         0          0 
        r348 |         0          0 
        r349 |         2          0 
        r350 |         1          0 
        r351 |         2          0 
        r352 |         0          0 
        r353 |         1          0 
        r354 |         1          0 
        r355 |         0          0 
        r356 |         0          0 
        r357 |         0          0 
        r358 |         0          0 
        r359 |         0          0 
        r360 |         0          0 
        r361 |         0          0 
        r362 |         0          0 
        r363 |         0          0 
        r364 |         2          0 
        r365 |         2          0 
        r366 |         0          0 
        r367 |         0          0 
        r368 |         0          0 
        r369 |         0          0 
        r370 |         2          0 
        r371 |         4          0 
        r372 |         0          0 
        r373 |         0          0 
        r374 |         0          0 
        r375 |         0          0 
        r376 |         0          0 
        r377 |         4          0 
        r378 |         1          0 
        r379 |         1          0 
        r380 |         0          0 
        r381 |         0          0 
        r382 |         1          0 
        r383 |         2          0 
        r384 |         3          0 
        r385 |         0          0 
        r386 |         3          0 
        r387 |         1          0 
        r388 |         3          0 
        r389 |         1          0 
        r390 |         0          0 
        r391 |         1          0 
        r392 |         0          0 
        r393 |         6          0 
        r394 |         1          0 
        r395 |         0          0 
        r396 |         1          0 
        r397 |         0          0 
        r398 |         0          0 
        r399 |         1          0 
        r400 |         0          0 
        r401 |         2          0 
        r402 |         2          0 
        r403 |         1          0 
        r404 |         1          0 
        r405 |         1          0 
        r406 |         0          0 
        r407 |         0          0 
        r408 |         0          0 
        r409 |         1          0 
        r410 |         1          0 
        r411 |        39          0 
        r412 |         1          0 
        r413 |         2          0 
        r414 |         0          0 
        r415 |         0          0 
        r416 |         1          0 
        r417 |         0          0 
        r418 |         1          0 
        r419 |         0          0 
        r420 |         0          0 
        r421 |         0          0 
        r422 |         0          0 
        r423 |         1          0 
        r424 |         1          0 
        r425 |         1          0 
        r426 |         0          0 
        r427 |         1          0 
        r428 |         0          0 
        r429 |         2          0 
        r430 |         0          0 
        r431 |         0          0 
        r432 |         1          0 
        r433 |         1          0 
        r434 |         1          0 
        r435 |         1          0 
        r436 |         1          0 
        r437 |         0          0 
        r438 |         0          0 
        r439 |         3          0 
        r440 |         1          0 
        r441 |         0          0 
        r442 |         1          0 
        r443 |         0          0 
        r444 |         0          0 
        r445 |         0          0 
        r446 |         1          0 
        r447 |         0          0 
        r448 |         0          0 
        r449 |         2          0 
        r450 |         5          0 
        r451 |         0          0 
        r452 |         0          0 
        r453 |         0          0 
        r454 |         0          0 
        r455 |         0          0 
        r456 |         1          0 
        r457 |         1          0 
        r458 |         1          0 
        r459 |         0          0 
        r460 |         1          0 
        r461 |         0          0 
        r462 |         0          0 
        r463 |         0          0 
        r464 |         1          0 
        r465 |         0          0 
        r466 |         0          0 
        r467 |         2          0 
        r468 |         1          0 
        r469 |         1          0 
        r470 |         0          0 
        r471 |         2          0 
        r472 |         3          0 
        r473 |         1          0 
        r474 |         0          0 
        r475 |         0          0 
        r476 |         0          0 
        r477 |         0          0 
        r478 |         2          0 
        r479 |         0          0 
        r480 |         0          0 
        r481 |         1          0 
        r482 |         0          0 
        r483 |         0          0 
        r484 |         1          0 
        r485 |         0          0 
        r486 |         4          0 
        r487 |         0          0 
        r488 |         2          0 
        r489 |         9          0 
        r490 |         0          0 
        r491 |         0          0 
        r492 |         0          0 
        r493 |         3          0 
        r494 |         1          0 
        r495 |         1          0 
        r496 |         0          0 
        r497 |         1          0 
        r498 |         0          0 
        r499 |         0          0 
        r500 |         1          0 
        r501 |         0          0 
        r502 |         0          0 
        r503 |         1          0 
        r504 |         4          0 
        r505 |         0          0 
        r506 |         1          0 
        r507 |         3          0 
        r508 |         1          0 
        r509 |         0          0 
        r510 |         7          0 
        r511 |         0          0 
        r512 |         0          0 
        r513 |         0          0 
        r514 |         0          0 
        r515 |         0          0 
        r516 |         0          0 
        r517 |         0          0 
        r518 |         1          0 
        r519 |         0          0 
        r520 |         0          0 
        r521 |         0          0 
        r522 |         1          0 
        r523 |         2          0 
        r524 |         0          0 
        r525 |         1          0 
        r526 |         1          0 
        r527 |         2          0 
        r528 |         2          0 
        r529 |         0          0 
        r530 |         6          0 
        r531 |         0          0 
        r532 |         0          0 
        r533 |         2          0 
        r534 |         2          0 
        r535 |         2          0 
        r536 |         1          0 
        r537 |         0          0 
        r538 |         0          0 
        r539 |         0          0 
        r540 |         0          0 
        r541 |         0          0 
        r542 |         0          0 
        r543 |         0          0 
        r544 |         1          0 
        r545 |         0          0 
        r546 |         0          0 
        r547 |         2          0 
        r548 |         0          0 
        r549 |         0          0 
        r550 |         0          0 
        r551 |         0          0 
        r552 |         1          0 
        r553 |         2          0 
        r554 |         0          0 
        r555 |         0          0 
        r556 |         0          0 
        r557 |         0          0 
        r558 |         5          0 
        r559 |         0          0 
        r560 |         0          0 
        r561 |         1          0 
        r562 |         3          0 
        r563 |         0          0 
        r564 |         1          0 
        r565 |         0          0 
        r566 |         2          0 
        r567 |         0          0 
        r568 |         0          0 
        r569 |         0          0 
        r570 |         0          0 
        r571 |         1          0 
        r572 |         0          0 
        r573 |         0          0 
        r574 |         0          0 
        r575 |         0          0 
        r576 |         0          0 
        r577 |         1          0 
        r578 |         2          0 
        r579 |         2          0 
        r580 |         1          0 
        r581 |         0          0 
        r582 |         2          0 
        r583 |         1          0 
        r584 |         0          0 
        r585 |         0          0 
        r586 |         0          0 
        r587 |         3          0 
        r588 |         0          0 
        r589 |         1          0 
        r590 |         0          0 
        r591 |         0          0 
        r592 |         3          0 
        r593 |         0          0 
        r594 |         0          0 
        r595 |         0          0 
        r596 |         0          0 
        r597 |         1          0 
        r598 |         0          0 
        r599 |         0          0 
        r600 |         1          0 
        r601 |         0          0 
        r602 |         0          0 
        r603 |         0          0 
        r604 |         0          0 
        r605 |         0          0 
        r606 |         2          0 
        r607 |         1          0 
        r608 |         1          0 
        r609 |         1          0 
        r610 |         0          0 
        r611 |         0          0 
        r612 |         0          0 
        r613 |         0          0 
        r614 |         2          0 
        r615 |         0          0 
        r616 |         4          0 
        r617 |         0          0 
        r618 |         1          0 
        r619 |         0          0 
        r620 |         0          0 
        r621 |         0          0 
        r622 |         1          0 
        r623 |         3          0 
        r624 |         4          0 
        r625 |         0          0 
        r626 |         2          0 
        r627 |         3          0 
        r628 |         0          0 
        r629 |         3          0 
        r630 |         0          0 
        r631 |         0          0 
        r632 |         1          0 
        r633 |         4          0 
        r634 |         0          0 
        r635 |         0          0 
        r636 |         1          0 
        r637 |         2          0 
        r638 |         1          0 
        r639 |         0          0 
        r640 |         0          0 
        r641 |         0          0 
        r642 |         0          0 
        r643 |         0          0 
        r644 |         0          0 
        r645 |         1          0 
        r646 |         0          0 
        r647 |         0          0 
        r648 |         0          0 
        r649 |         1          0 
        r650 |         3          0 
        r651 |         2          0 
        r652 |         1          0 
        r653 |         0          0 
        r654 |         0          0 
        r655 |         0          0 
        r656 |         1          0 
        r657 |         1          0 
        r658 |         0          0 
        r659 |         0          0 
        r660 |         0          0 
        r661 |         3          0 
        r662 |         0          0 
        r663 |         1          0 
        r664 |         1          0 
        r665 |         1          0 
        r666 |         2          0 
        r667 |         0          0 
        r668 |         1          0 
        r669 |         0          0 
        r670 |         1          0 
        r671 |         1          0 
        r672 |         0          0 
        r673 |         1          0 
        r674 |         5          0 
        r675 |         0          0 
        r676 |         2          0 
        r677 |         1          0 
        r678 |         3          0 
        r679 |         0          0 
        r680 |         0          0 
        r681 |         0          0 
        r682 |         0          0 
        r683 |         1          0 
        r684 |         0          0 
        r685 |         0          0 
        r686 |         0          0 
        r687 |         0          0 
        r688 |         0          0 
        r689 |         0          0 
        r690 |         1          0 
        r691 |         0          0 
        r692 |         0          0 
        r693 |         0          0 
        r694 |         0          0 
        r695 |         0          0 
        r696 |         0          0 
        r697 |         0          0 
        r698 |         0          0 
        r699 |         1          0 
        r700 |         0          0 
        r701 |         1          0 
        r702 |         0          0 
        r703 |         0          0 
        r704 |         1          0 
        r705 |         1          0 
        r706 |         0          0 
        r707 |         0          0 
        r708 |         1          0 
        r709 |         3          0 
        r710 |         4          0 
        r711 |         0          0 
        r712 |         1          0 
        r713 |         0          0 
        r714 |         0          0 
        r715 |         0          0 
        r716 |         1          0 
        r717 |         2          0 
        r718 |         1          0 
        r719 |         0          0 
        r720 |         0          0 
        r721 |         1          0 
        r722 |         0          0 
        r723 |         2          0 
        r724 |         0          0 
        r725 |         0          0 
        r726 |         1          0 
        r727 |         1          0 
        r728 |         4          0 
        r729 |         1          0 
        r730 |         0          0 
        r731 |         0          0 
        r732 |         0          0 
        r733 |         1          0 
        r734 |         1          0 
        r735 |         1          0 
        r736 |         1          0 
        r737 |         3          0 
        r738 |         2          0 
        r739 |         0          0 
        r740 |         1          0 
        r741 |         1          0 
        r742 |         0          0 
        r743 |         0          0 
        r744 |         2          0 
        r745 |         2          0 
        r746 |         2          0 
        r747 |         0          0 
        r748 |         0          0 
        r749 |         0          0 
        r750 |         1          0 
        r751 |         0          0 
        r752 |         0          0 
        r753 |         0          0 
        r754 |         1          0 
        r755 |         0          0 
        r756 |         1          0 
        r757 |         1          0 
        r758 |         0          0 
        r759 |         0          0 
        r760 |         2          0 
        r761 |         0          0 
        r762 |         2          0 
        r763 |         0          0 
        r764 |         2          0 
        r765 |         1          0 
        r766 |         0          0 
        r767 |         0          0 
        r768 |         0          0 
        r769 |         0          0 
        r770 |         0          0 
        r771 |         2          0 
        r772 |         0          0 
        r773 |         7          0 
        r774 |         0          0 
        r775 |         0          0 
        r776 |         0          0 
        r777 |         0          0 
        r778 |         0          0 
        r779 |         0          0 
        r780 |         0          0 
        r781 |         2          0 
        r782 |         0          0 
        r783 |         3          0 
        r784 |         0          0 
        r785 |         1          0 
        r786 |         0          0 
        r787 |         0          0 
        r788 |         1          0 
        r789 |         0          0 
        r790 |         1          0 
        r791 |         0          0 
        r792 |         0          0 
        r793 |         0          0 
        r794 |         0          0 
        r795 |         1          0 
        r796 |         0          0 
        r797 |         0          0 
        r798 |         0          0 
        r799 |         0          0 
        r800 |         1          0 
        r801 |         0          0 
        r802 |         2          0 
        r803 |         3          0 
        r804 |         0          0 
        r805 |         1          0 
        r806 |         2          0 
        r807 |         4          0 
        r808 |         1          0 
        r809 |         0          0 
        r810 |         1          0 
        r811 |         0          0 
        r812 |         0          0 
        r813 |         0          0 
        r814 |         0          0 
        r815 |         0          0 
        r816 |         2          0 
        r817 |         1          0 
        r818 |         0          0 
        r819 |         1          0 
        r820 |         0          0 
        r821 |         3          0 
        r822 |         1          0 
        r823 |         0          0 
        r824 |         0          0 
        r825 |         0          0 
        r826 |         0          0 
        r827 |         1          0 
        r828 |         0          0 
        r829 |         3          0 
        r830 |         2          0 
        r831 |         7          0 
        r832 |         7          0 
        r833 |         1          0 
        r834 |         3          0 
        r835 |         0          0 
        r836 |         1          0 
        r837 |         0          0 
        r838 |         2          0 
        r839 |         2          0 
        r840 |         0          0 
        r841 |         0          0 
        r842 |         2          0 
        r843 |         0          0 
        r844 |         1          0 
        r845 |         2          0 
        r846 |         1          0 
        r847 |         1          0 
        r848 |         3          0 
        r849 |         0          0 
        r850 |         0          0 
        r851 |         0          0 
        r852 |         1          0 
        r853 |         0          0 
        r854 |         0          0 
        r855 |         0          0 
        r856 |         1          0 
        r857 |         2          0 
        r858 |         4          0 
        r859 |         0          0 
        r860 |         1          0 
        r861 |         0          0 
        r862 |         0          0 
        r863 |         0          0 
        r864 |         0          0 
        r865 |         0          0 
        r866 |         1          0 
        r867 |         2          0 
        r868 |         1          0 
        r869 |         0          0 
        r870 |         1          0 
        r871 |         0          0 
        r872 |         0          0 
        r873 |         0          0 
        r874 |         1          0 
        r875 |         8          0 
        r876 |         1          0 
        r877 |         1          0 
        r878 |         2          0 
        r879 |         0          0 
        r880 |         0          0 
        r881 |         1          0 
        r882 |         0          0 
        r883 |         0          0 
        r884 |         0          0 
        r885 |         0          0 
        r886 |         1          0 
        r887 |         1          0 
        r888 |         2          0 
        r889 |         0          0 
        r890 |         0          0 
        r891 |         3          0 
        r892 |         0          0 
        r893 |         1          0 
        r894 |         0          0 
        r895 |         2          0 
        r896 |         0          0 
        r897 |         0          0 
        r898 |         0          0 
        r899 |         1          0 
        r900 |         1          0 
        r901 |         2          0 
        r902 |         2          0 
        r903 |         0          0 
        r904 |         0          0 
        r905 |         0          0 
        r906 |         0          0 
        r907 |         0          0 
        r908 |         0          0 
        r909 |         2          0 
        r910 |         1          0 
        r911 |         0          0 
        r912 |         6          0 
        r913 |         2          0 
        r914 |         3          0 
        r915 |         0          0 
        r916 |         0          0 
        r917 |         0          0 
        r918 |         1          0 
        r919 |         1          0 
        r920 |         1          0 
        r921 |         0          0 
        r922 |         0          0 
        r923 |         0          0 
        r924 |         0          0 
        r925 |         0          0 
        r926 |         1          0 
        r927 |         0          0 
        r928 |         0          0 
        r929 |         0          0 
        r930 |         0          0 
        r931 |         1          0 
        r932 |         0          0 
        r933 |         2          0 
        r934 |         0          0 
        r935 |         1          0 
        r936 |         0          0 
        r937 |         0          0 
        r938 |         0          0 
        r939 |         1          0 
        r940 |         6          0 
        r941 |         0          0 
        r942 |         0          0 
        r943 |         3          0 
        r944 |         1          0 
        r945 |         0          0 
        r946 |         0          0 
        r947 |         0          0 
        r948 |         0          0 
        r949 |         0          0 
        r950 |         0          0 
        r951 |         0          0 
        r952 |         0          0 
        r953 |         0          0 
        r954 |         3          0 
        r955 |         1          0 
        r956 |         9          0 
        r957 |         0          0 
        r958 |         0          0 
        r959 |         0          0 
        r960 |         1          0 
        r961 |         6          0 
        r962 |         0          0 
        r963 |         0          0 
        r964 |         4          0 
        r965 |         0          0 
        r966 |         0          0 
        r967 |         1          0 
        r968 |         2          0 
        r969 |         0          0 
        r970 |         1          0 
        r971 |         1          0 
        r972 |         1          0 
        r973 |         1          0 
        r974 |         0          0 
        r975 |         2          0 
        r976 |         7          0 
        r977 |         0          0 
        r978 |         0          0 
        r979 |         1          0 
        r980 |         1          0 
        r981 |         1          0 
        r982 |         2          0 
        r983 |         4          0 
        r984 |         1          0 
        r985 |         1          0 
        r986 |         1          0 
        r987 |         0          0 
        r988 |         0          0 
        r989 |         0          0 
        r990 |         0          0 
        r991 |         0          0 
        r992 |         1          0 
        r993 |         0          0 
        r994 |         1          0 
        r995 |         1          0 
        r996 |         0          0 
        r997 |         2          0 
        r998 |         0          0 
        r999 |         0          0 
       r1000 |         0          0 
r; t=0.18 15:06:59

. 
. log close
      name:  <unnamed>
       log:  C:/Users/marcos.demetry/Desktop//results_for_paper3/output/syntax_pseudocode/pseudocode_aei_ewgarp_egarp_feb2020.log
  log type:  text
 closed on:  22 Feb 2020, 15:06:59
------------------------------------------------------------------------------------------------------------------------------------
