r; t=2.13 12:22:02

. 
. powerps, price(P) quantity(X) axiom(eGARP eHARP)

                       Number of obs           =        20 
                       Number of goods         =         5 
                       Simulations             =      1000 
                       Efficiency level        =         1 

----------------------------------------------------------
      Axioms |     Power         PS       Pass        AEI 
-------------+--------------------------------------------
       eGARP |      .995      -.005          0   .9055848 
       eHARP |         1          0          0   .8449683 
----------------------------------------------------------
 
Summary statistics for simulations:

------------------------------------
       eGARP |      #vio       %vio 
-------------+----------------------
        Mean |    47.339   .1245762 
   Std. Dev. |  29.45589   .0775135 
         Min |         0          0 
          Q1 |        24      .0632 
      Median |        45      .1184 
          Q3 |      68.5     .18025 
         Max |       143      .3763 
------------------------------------

------------------------------------
       eHARP |      #vio       %vio 
-------------+----------------------
        Mean |        20          1 
   Std. Dev. |         0          0 
         Min |        20          1 
          Q1 |        20          1 
      Median |        20          1 
          Q3 |        20          1 
         Max |        20          1 
------------------------------------
r; t=9.26 12:22:11

. 
. powerps, price(P) quantity(X) axiom(eGARP eHARP) aei

                       Number of obs           =        20 
                       Number of goods         =         5 
                       Simulations             =      1000 
                       Efficiency level        =         1 

----------------------------------------------------------
      Axioms |     Power         PS       Pass        AEI 
-------------+--------------------------------------------
       eGARP |      .995      -.005          0   .9055848 
       eHARP |         1          0          0   .8449683 
----------------------------------------------------------
 
Summary statistics for simulations:

-----------------------------------------------
       eGARP |      #vio       %vio        AEI 
-------------+---------------------------------
        Mean |    47.339   .1245762    .842074 
   Std. Dev. |  29.45589   .0775135   .0814885 
         Min |         0          0   .5616641 
          Q1 |        24      .0632   .7924724 
      Median |        45      .1184   .8516641 
          Q3 |      68.5     .18025   .9015746 
         Max |       143      .3763          1 
-----------------------------------------------

-----------------------------------------------
       eHARP |      #vio       %vio        AEI 
-------------+---------------------------------
        Mean |        20          1   .7268926 
   Std. Dev. |         0          0   .0760639 
         Min |        20          1   .4819741 
          Q1 |        20          1   .6767941 
      Median |        20          1   .7307339 
          Q3 |        20          1   .7845821 
         Max |        20          1   .8955998 
-----------------------------------------------
r; t=194.60 12:25:26

. 
. return list

scalars:
        r(POWER_eHARP) =  1
           r(PS_eHARP) =  0
         r(PASS_eHARP) =  0
          r(AEI_eHARP) =  .844968318939209
                r(SIM) =  1000
          r(TOL_eHARP) =  6
        r(POWER_eGARP) =  .995
           r(PS_eGARP) =  -.005
         r(PASS_eGARP) =  0
          r(AEI_eGARP) =  .9055848121643066
          r(TOL_eGARP) =  6
                r(EFF) =  1
              r(GOODS) =  5
                r(OBS) =  20

macros:
              r(AXIOM) : " eGARP eHARP"

matrices:
     r(SUMSTATS_eHARP) :  7 x 3
   r(SIMRESULTS_eHARP) :  1000 x 3
     r(SUMSTATS_eGARP) :  7 x 3
   r(SIMRESULTS_eGARP) :  1000 x 3
r; t=0.00 12:25:26

. 
