. 
. aei, price(P) quantity(X) tol(6)

    Number of obs           =         20 
    Number of goods         =          5 
    Tolerance level         =    1.0e-06 

-------------------------
       Axiom |       AEI 
-------------+-----------
       eGARP |  .9055848 
-------------------------

. 
. quietly aei, price(P) quantity(X) axiom(eGARP eHARP) tolerance(10)

. 
. return list

scalars:
                r(TOL) =  1.00000000000e-10
              r(GOODS) =  5
                r(OBS) =  20
          r(AEI_eHARP) =  .8449686888488941
          r(AEI_eGARP) =  .9055851064040326

macros:
              r(AXIOM) : " eGARP eHARP"

. 
